<?xml version="1.0" encoding="UTF-8"?>
<!-- Generated by org.testng.reporters.JUnitReportReporter -->
<testsuite hostname="Lenovo-PC" failures="0" tests="1" name="com.TEST.Classes.test" time="18.783" errors="0" timestamp="14 Feb 2022 11:34:53 GMT" skipped="0">
  <testcase classname="com.TEST.Classes.test" name="test1" time="18.783"/>
</testsuite> <!-- com.TEST.Classes.test -->
